<?xml version="1.0" encoding="UTF-8"?>
<!-- Generated by org.testng.reporters.JUnitReportReporter -->
<testsuite hostname="DESKTOP-Q5U4MTN" failures="0" tests="1" name="TestRunner.RunTest" time="6.316" errors="0" timestamp="2024-01-16T03:46:22 PST" skipped="0">
  <testcase classname="TestRunner.RunTest" name="Test1" time="6.316"/>
  <system-out/>
</testsuite> <!-- TestRunner.RunTest -->
