<?xml version="1.0" encoding="UTF-8"?>
<!-- Generated by org.testng.reporters.JUnitReportReporter -->
<testsuite hostname="DESKTOP-Q5U4MTN" failures="0" tests="1" name="TestRunner.Runner" time="14.919" errors="0" timestamp="2024-03-02T13:24:02 IST" skipped="0">
  <testcase classname="TestRunner.Runner" name="testOne" time="14.919"/>
  <system-out/>
</testsuite> <!-- TestRunner.Runner -->
